<?xml version="1.0" encoding="UTF-8"?>
<testsuite xmlns:xsi="http://www.w3.org/2001/XMLSchema-instance" xsi:noNamespaceSchemaLocation="https://maven.apache.org/surefire/maven-surefire-plugin/xsd/surefire-test-report-3.0.xsd" version="3.0" name="DirectoryTest" time="0.18" tests="17" errors="0" skipped="0" failures="0">
  <properties>
[...]
</properties>
  <testcase name="testFillDirectoryWithRandomFilenames" classname="DirectoryTest" time="0.06"/>
  <testcase name="test_inode_number_associated_with_a_filename" classname="DirectoryTest" time="0.004"/>
  <testcase name="testBytesConversionEdgeCases" classname="DirectoryTest" time="0.005"/>
  <testcase name="testDuplicateFilenames" classname="DirectoryTest" time="0.003"/>
  <testcase name="testListFormattedToStringMethod" classname="DirectoryTest" time="0.01"/>
  <testcase name="testIallocEdgeCases" classname="DirectoryTest" time="0.002"/>
  <testcase name="testNameiEdgeCases" classname="DirectoryTest" time="0.003"/>
  <testcase name="testListFiles" classname="DirectoryTest" time="0.003"/>
  <testcase name="testConstructorInitialization" classname="DirectoryTest" time="0.002"/>
  <testcase name="testListFiles_output" classname="DirectoryTest" time="0.002">
    <system-out><![CDATA[Current files in directory: / fileA fileB fileC longfile_name_1 test_file
]]></system-out>
  </testcase>
  <testcase name="testMaxFiles" classname="DirectoryTest" time="0.005"/>
  <testcase name="testFreeingInodes" classname="DirectoryTest" time="0.002"/>
  <testcase name="testDumpRandomFilenamesAndLengths" classname="DirectoryTest" time="0.006">
    <system-out><![CDATA[Dump of up to 32 Random Filenames and Lengths:
FilenameLengthPair{filename='/', length=1}
FilenameLengthPair{filename='viikseafxjjkuofsuabqfmwolh', length=26}
FilenameLengthPair{filename='cby', length=3}
FilenameLengthPair{filename='onvyjblphutisiuzo', length=17}
FilenameLengthPair{filename='todffgvkwlbzpuzvcqtkakiiewo', length=27}
FilenameLengthPair{filename='bmwlukgrzd', length=10}
FilenameLengthPair{filename='iiyacmbsxvr', length=11}
FilenameLengthPair{filename='amaoryjz', length=8}
FilenameLengthPair{filename='eyommvifbdxjhlpvktvwubwdkt', length=26}
FilenameLengthPair{filename='sjwatpxpjrwlnchzojprxmj', length=23}
FilenameLengthPair{filename='zrxutptqvtblmdcjobafkc', length=22}
FilenameLengthPair{filename='zk', length=2}
FilenameLengthPair{filename='pxyfrgnunug', length=11}
FilenameLengthPair{filename='eeylhbs', length=7}
FilenameLengthPair{filename='dagufhzgbvpxpdnkobhxrvriqdpjc', length=29}
FilenameLengthPair{filename='opit', length=4}
FilenameLengthPair{filename='ckkjyndhgyopgrqfqrtkmiwdosjb', length=28}
FilenameLengthPair{filename='wddhn', length=5}
FilenameLengthPair{filename='cowidcamgonvxbtdnvt', length=19}
FilenameLengthPair{filename='yulh', length=4}
FilenameLengthPair{filename='wgmehtotbiq', length=11}
FilenameLengthPair{filename='hjppxcjlayrnsvsczrm', length=19}
FilenameLengthPair{filename='eqiwhcdhbjjydtz', length=15}
FilenameLengthPair{filename='wmtqfujfqvsuwirh', length=16}
FilenameLengthPair{filename='tvgmcxughykbkc', length=14}
FilenameLengthPair{filename='r', length=1}
FilenameLengthPair{filename='tjsajiboyedfytmr', length=16}
FilenameLengthPair{filename='ncexrfcsfrzgxhrzpofxlow', length=23}
FilenameLengthPair{filename='mrxypayofgern', length=13}
FilenameLengthPair{filename='zhkgcllmuucbongpewpx', length=20}
FilenameLengthPair{filename='h', length=1}
FilenameLengthPair{filename='w', length=1}
FilenameLengthPair{filename='tchqzb', length=6}
]]></system-out>
  </testcase>
  <testcase name="testIfreeEdgeCases" classname="DirectoryTest" time="0.002"/>
  <testcase name="testDirectoryCapacityAndReuse" classname="DirectoryTest" time="0.002"/>
  <testcase name="testDirectoryToBytesAndBytesToDirectory" classname="DirectoryTest" time="0.003"/>
  <testcase name="testMaxCharacters" classname="DirectoryTest" time="0.002"/>
</testsuite>