<?xml version="1.0" encoding="UTF-8"?>
<testsuite xmlns:xsi="http://www.w3.org/2001/XMLSchema-instance" xsi:noNamespaceSchemaLocation="https://maven.apache.org/surefire/maven-surefire-plugin/xsd/surefire-test-report-3.0.xsd" version="3.0" name="InodeTest" time="0.168" tests="11" errors="0" skipped="0" failures="0">
  <properties>
[...]
</properties>
  <testcase name="testFindIndexBlock" classname="InodeTest" time="0.059"/>
  <testcase name="testPrintDefault" classname="InodeTest" time="0.015">
    <system-err><![CDATA[Inode Debug Information:
  Length: 0
  Count: 0
  Flag: 0
  Indirect Pointer: -1
    direct[0]: -1
    direct[1]: -1
    direct[2]: -1
    direct[3]: -1
    direct[4]: -1
    direct[5]: -1
    direct[6]: -1
    direct[7]: -1
    direct[8]: -1
    direct[9]: -1
    direct[10]: -1
End Inode Debug Information.
]]></system-err>
  </testcase>
  <testcase name="testInodeConstructor_FromDisk" classname="InodeTest" time="0.005"/>
  <testcase name="testFindTargetBlock" classname="InodeTest" time="0.003"/>
  <testcase name="testUnregisterIndexBlock_IndirectBlockAssigned" classname="InodeTest" time="0.005"/>
  <testcase name="testInodeConstants" classname="InodeTest" time="0.002"/>
  <testcase name="testUnregisterIndexBlock_IndirectBlockAssigned_All_NegOne" classname="InodeTest" time="0.006"/>
  <testcase name="testPrintWithData" classname="InodeTest" time="0.005">
    <system-err><![CDATA[Inode Debug Information:
  Length: 915
  Count: 90
  Flag: 2
  Indirect Pointer: 404
    direct[0]: 118
    direct[1]: 723
    direct[2]: 273
    direct[3]: 841
    direct[4]: 838
    direct[5]: 666
    direct[6]: 522
    direct[7]: 788
    direct[8]: 75
    direct[9]: 920
    direct[10]: 920
End Inode Debug Information.
]]></system-err>
  </testcase>
  <testcase name="testUnregisterIndexBlock_NoIndirectBlockAssigned" classname="InodeTest" time="0.003"/>
  <testcase name="testInodeConstructor_NewInode" classname="InodeTest" time="0.006"/>
  <testcase name="testToDisk" classname="InodeTest" time="0.004"/>
</testsuite>